2023-06-14 20:38:02 - log - INFO - SUCCESS: feauture engineering has started
2023-06-14 20:38:02 - log - INFO - SUCCESS: data train was loaded successfully
2023-06-14 20:38:02 - log - INFO - SUCCESS: data test was loaded successfully
2023-06-14 20:38:02 - log - INFO - SUCCESS: data was cleaning
2023-06-14 20:38:06 - log - INFO - SUCCESS: data missing was restored
2023-06-14 20:38:06 - log - INFO - SUCCESS: data was transformed
2023-06-14 20:38:06 - log - INFO - SUCCESS: preprocessed data was saved successfully
2023-06-14 20:38:06 - log - INFO - SUCCESS: feature_engineering.py finished successfully
2023-06-14 20:38:10 - log - INFO - SUCCESS: The training of the linear regression model has started
2023-06-14 20:38:10 - log - INFO - SUCCESS: data was loaded successfully
2023-06-14 20:38:10 - log - INFO - The data was divided in test and train sets
2023-06-14 20:38:10 - log - INFO - The model was trained
2023-06-14 20:38:10 - log - INFO - The train metrics of the model are: RMSE: 1169.3505464496527-R2:0.5284213437179959
2023-06-14 20:38:10 - log - INFO - The test metrics of the model are: RMSE: 1146.6648971839618-R2:0.552593049589098
2023-06-14 20:38:10 - log - INFO - SUCCESS: The model has been saved successfully
2023-06-14 20:38:10 - log - INFO - SUCCESS: train.py finished successfully
2023-06-14 20:38:17 - log - INFO - SUCCESS: feauture engineering has started
2023-06-14 20:38:17 - log - INFO - SUCCESS: data train was loaded successfully
2023-06-14 20:38:17 - log - INFO - SUCCESS: data test was loaded successfully
2023-06-14 20:38:17 - log - INFO - SUCCESS: data was cleaning
2023-06-14 20:38:20 - log - INFO - SUCCESS: data missing was restored
2023-06-14 20:38:20 - log - INFO - SUCCESS: data was transformed
2023-06-14 20:38:20 - log - INFO - SUCCESS: preprocessed data was saved successfully
2023-06-14 20:38:20 - log - INFO - SUCCESS: feature_engineering.py finished successfully
2023-06-14 20:38:22 - log - INFO - SUCCESS: The training of the linear regression model has started
2023-06-14 20:38:22 - log - INFO - SUCCESS: data was loaded successfully
2023-06-14 20:38:22 - log - INFO - The data was divided in test and train sets
2023-06-14 20:38:22 - log - INFO - The model was trained
2023-06-14 20:38:22 - log - INFO - The train metrics of the model are: RMSE: 1169.3505464496527-R2:0.5284213437179959
2023-06-14 20:38:22 - log - INFO - The test metrics of the model are: RMSE: 1146.6648971839618-R2:0.552593049589098
2023-06-14 20:38:22 - log - INFO - SUCCESS: The model has been saved successfully
2023-06-14 20:38:22 - log - INFO - SUCCESS: train.py finished successfully
2023-06-14 20:42:05 - log - INFO - SUCCESS: feauture engineering has started
2023-06-14 20:42:05 - log - INFO - SUCCESS: data train was loaded successfully
2023-06-14 20:42:05 - log - INFO - SUCCESS: data test was loaded successfully
2023-06-14 20:42:05 - log - INFO - SUCCESS: data was cleaning
2023-06-14 20:42:09 - log - INFO - SUCCESS: data missing was restored
2023-06-14 20:42:09 - log - INFO - SUCCESS: data was transformed
2023-06-14 20:42:09 - log - INFO - SUCCESS: preprocessed data was saved successfully
2023-06-14 20:42:09 - log - INFO - SUCCESS: feature_engineering.py finished successfully
2023-06-14 20:42:11 - log - INFO - SUCCESS: The training of the linear regression model has started
2023-06-14 20:42:11 - log - INFO - SUCCESS: data was loaded successfully
2023-06-14 20:42:11 - log - INFO - The data was divided in test and train sets
2023-06-14 20:42:11 - log - INFO - The model was trained
2023-06-14 20:42:11 - log - INFO - The train metrics of the model are: RMSE: 1169.3505464496527-R2:0.5284213437179959
2023-06-14 20:42:11 - log - INFO - The test metrics of the model are: RMSE: 1146.6648971839618-R2:0.552593049589098
2023-06-14 20:42:11 - log - INFO - SUCCESS: The model has been saved successfully
2023-06-14 20:42:11 - log - INFO - SUCCESS: train.py finished successfully
2023-06-14 20:48:56 - log - INFO - SUCCESS: feature_engineering.py finished successfully
2023-06-14 20:48:58 - log - INFO - SUCCESS: The training of the linear regression model has started
2023-06-14 20:48:58 - log - INFO - SUCCESS: data was loaded successfully
2023-06-14 20:48:58 - log - INFO - The data was divided in test and train sets
2023-06-14 20:48:58 - log - INFO - The model was trained
2023-06-14 20:48:58 - log - INFO - The train metrics of the model are: RMSE: 1169.3505464496527-R2:0.5284213437179959
2023-06-14 20:48:58 - log - INFO - The test metrics of the model are: RMSE: 1146.6648971839618-R2:0.552593049589098
2023-06-14 20:48:58 - log - INFO - SUCCESS: The model has been saved successfully
2023-06-14 20:48:58 - log - INFO - SUCCESS: train.py finished successfully
2023-06-14 20:51:56 - log - INFO - SUCCESS: feature_engineering.py finished successfully
2023-06-14 20:54:53 - log - INFO - SUCCESS: feature_engineering.py finished successfully
2023-06-14 20:54:53 - log - INFO - SUCCESS: feature_engineering.py finished successfully
2023-06-14 20:56:32 - log - INFO - SUCCESS: feature_engineering.py finished successfully
2023-06-14 20:57:11 - log - INFO - SUCCESS: feature_engineering.py finished successfully
2023-06-14 21:00:04 - log - INFO - SUCCESS: feauture engineering has started
2023-06-14 21:00:04 - log - INFO - SUCCESS: data train was loaded successfully
2023-06-14 21:00:04 - log - INFO - SUCCESS: data test was loaded successfully
2023-06-14 21:00:04 - log - INFO - SUCCESS: data was cleaning
2023-06-14 21:00:07 - log - INFO - SUCCESS: data missing was restored
2023-06-14 21:00:07 - log - INFO - SUCCESS: data was transformed
2023-06-14 21:00:07 - log - INFO - SUCCESS: preprocessed data was saved successfully
2023-06-14 21:00:07 - log - INFO - SUCCESS: feature_engineering.py finished successfully
2023-06-14 21:02:15 - log - INFO - SUCCESS: feauture engineering has started
2023-06-14 21:02:15 - log - INFO - SUCCESS: data train was loaded successfully
2023-06-14 21:02:15 - log - INFO - SUCCESS: data test was loaded successfully
2023-06-14 21:02:15 - log - INFO - SUCCESS: data was cleaning
2023-06-14 21:02:18 - log - INFO - SUCCESS: data missing was restored
2023-06-14 21:02:18 - log - INFO - SUCCESS: data was transformed
2023-06-14 21:02:18 - log - INFO - SUCCESS: preprocessed data was saved successfully
2023-06-14 21:02:18 - log - INFO - SUCCESS: feature_engineering.py finished successfully
2023-06-14 21:02:19 - log - INFO - SUCCESS: The training of the linear regression model has started
2023-06-14 21:02:20 - log - INFO - SUCCESS: data was loaded successfully
2023-06-14 21:02:20 - log - INFO - The data was divided in test and train sets
2023-06-14 21:02:20 - log - INFO - The model was trained
2023-06-14 21:02:20 - log - INFO - The train metrics of the model are: RMSE: 1169.3505464496527-R2:0.5284213437179959
2023-06-14 21:02:20 - log - INFO - The test metrics of the model are: RMSE: 1146.6648971839618-R2:0.552593049589098
2023-06-14 21:02:20 - log - INFO - SUCCESS: The model has been saved successfully
2023-06-14 21:02:20 - log - INFO - SUCCESS: train.py finished successfully
2023-06-14 21:04:15 - log - INFO - SUCCESS: feauture engineering has started
2023-06-14 21:04:15 - log - INFO - SUCCESS: data train was loaded successfully
2023-06-14 21:04:15 - log - INFO - SUCCESS: data test was loaded successfully
2023-06-14 21:04:15 - log - INFO - SUCCESS: data was cleaning
2023-06-14 21:04:18 - log - INFO - SUCCESS: data missing was restored
2023-06-14 21:04:18 - log - INFO - SUCCESS: data was transformed
2023-06-14 21:04:18 - log - INFO - SUCCESS: preprocessed data was saved successfully
2023-06-14 21:04:18 - log - INFO - SUCCESS: feature_engineering.py finished successfully
2023-06-14 21:04:18 - log - INFO - SUCCESS: train.py finished successfully
2023-06-14 21:08:35 - log - INFO - SUCCESS: feauture engineering has started
2023-06-14 21:08:35 - log - INFO - SUCCESS: data train was loaded successfully
2023-06-14 21:08:35 - log - INFO - SUCCESS: data test was loaded successfully
2023-06-14 21:08:35 - log - INFO - SUCCESS: data was cleaning
2023-06-14 21:08:38 - log - INFO - SUCCESS: data missing was restored
2023-06-14 21:08:38 - log - INFO - SUCCESS: data was transformed
2023-06-14 21:08:38 - log - INFO - SUCCESS: preprocessed data was saved successfully
2023-06-14 21:08:38 - log - INFO - SUCCESS: feature_engineering.py finished successfully
2023-06-14 21:08:40 - log - INFO - SUCCESS: The training of the linear regression model has started
2023-06-14 21:08:40 - log - INFO - SUCCESS: data was loaded successfully
2023-06-14 21:08:40 - log - INFO - The data was divided in test and train sets
2023-06-14 21:08:40 - log - INFO - The model was trained
2023-06-14 21:08:40 - log - INFO - The train metrics of the model are: RMSE: 1169.3505464496527-R2:0.5284213437179959
2023-06-14 21:08:40 - log - INFO - The test metrics of the model are: RMSE: 1146.6648971839618-R2:0.552593049589098
2023-06-14 21:08:40 - log - INFO - SUCCESS: The model has been saved successfully
2023-06-14 21:08:40 - log - INFO - SUCCESS: train.py finished successfully
2023-06-14 21:10:13 - log - INFO - SUCCESS: feauture engineering has started
2023-06-14 21:10:13 - log - INFO - SUCCESS: data train was loaded successfully
2023-06-14 21:10:13 - log - INFO - SUCCESS: data test was loaded successfully
2023-06-14 21:10:13 - log - INFO - SUCCESS: data was cleaning
2023-06-14 21:10:16 - log - INFO - SUCCESS: data missing was restored
2023-06-14 21:10:16 - log - INFO - SUCCESS: data was transformed
2023-06-14 21:10:16 - log - INFO - SUCCESS: preprocessed data was saved successfully
2023-06-14 21:10:16 - log - INFO - SUCCESS: feature_engineering.py finished successfully
2023-06-14 21:10:18 - log - INFO - SUCCESS: The training of the linear regression model has started
2023-06-14 21:10:18 - log - INFO - SUCCESS: data was loaded successfully
2023-06-14 21:10:18 - log - INFO - The data was divided in test and train sets
2023-06-14 21:10:18 - log - INFO - The model was trained
2023-06-14 21:10:18 - log - INFO - The train metrics of the model are: RMSE: 1169.3505464496527-R2:0.5284213437179959
2023-06-14 21:10:18 - log - INFO - The test metrics of the model are: RMSE: 1146.6648971839618-R2:0.552593049589098
2023-06-14 21:10:18 - log - INFO - SUCCESS: The model has been saved successfully
2023-06-14 21:10:18 - log - INFO - SUCCESS: train.py finished successfully
2023-06-14 21:10:19 - log - INFO - SUCCESS: feauture engineering inference has started
2023-06-14 21:10:19 - log - INFO - SUCCESS: data train was loaded successfully
2023-06-14 21:10:19 - log - INFO - SUCCESS: data was cleaning
2023-06-14 21:10:19 - log - INFO - SUCCESS: data missing was restored
2023-06-14 21:10:19 - log - INFO - SUCCESS: preprocessed data was saved successfully
2023-06-14 21:10:19 - log - INFO - SUCCESS: feature_engineering.py finished successfully
2023-06-14 21:10:20 - log - INFO - prediction proccess has started
2023-06-14 21:10:20 - log - INFO - the data was loaded successfully
2023-06-14 21:10:26 - log - INFO - the model.pkl has been loaded successfully
2023-06-14 21:10:26 - log - INFO - prediction made successfully
2023-06-14 21:10:26 - log - INFO - prediction was saved successfully
2023-06-14 21:10:26 - log - INFO - SUCCESS: predict.py finished successfully
2023-06-14 22:08:13 - log - INFO - SUCCESS: feauture engineering has started
2023-06-14 22:08:13 - log - INFO - SUCCESS: data train was loaded successfully
2023-06-14 22:08:13 - log - INFO - SUCCESS: data test was loaded successfully
2023-06-14 22:08:13 - log - INFO - SUCCESS: data was cleaning
2023-06-14 22:08:16 - log - INFO - SUCCESS: data missing was restored
2023-06-14 22:08:16 - log - INFO - SUCCESS: data was transformed
2023-06-14 22:08:16 - log - INFO - SUCCESS: preprocessed data was saved successfully
2023-06-14 22:08:16 - log - INFO - SUCCESS: feature_engineering.py finished successfully
2023-06-14 22:08:18 - log - INFO - SUCCESS: The training of the linear regression model has started
2023-06-14 22:08:18 - log - INFO - SUCCESS: data was loaded successfully
2023-06-14 22:08:18 - log - INFO - The data was divided in test and train sets
2023-06-14 22:08:18 - log - INFO - The model was trained
2023-06-14 22:08:18 - log - INFO - The train metrics of the model are: RMSE: 1169.3505464496527-R2:0.5284213437179959
2023-06-14 22:08:18 - log - INFO - The test metrics of the model are: RMSE: 1146.6648971839618-R2:0.552593049589098
2023-06-14 22:08:18 - log - INFO - SUCCESS: The model has been saved successfully
2023-06-14 22:08:18 - log - INFO - SUCCESS: train.py finished successfully
2023-06-14 22:08:19 - log - INFO - SUCCESS: feauture engineering inference has started
2023-06-14 22:08:19 - log - INFO - SUCCESS: data train was loaded successfully
2023-06-14 22:08:19 - log - INFO - SUCCESS: data was cleaning
2023-06-14 22:08:19 - log - INFO - SUCCESS: data missing was restored
2023-06-14 22:08:19 - log - INFO - SUCCESS: preprocessed data was saved successfully
2023-06-14 22:08:19 - log - INFO - SUCCESS: feature_engineering.py finished successfully
2023-06-14 22:08:20 - log - INFO - prediction proccess has started
2023-06-14 22:08:20 - log - INFO - the data was loaded successfully
2023-06-14 22:08:20 - log - INFO - the model.pkl has been loaded successfully
2023-06-14 22:08:20 - log - INFO - prediction made successfully
2023-06-14 22:08:20 - log - INFO - prediction was saved successfully
2023-06-14 22:08:21 - log - INFO - SUCCESS: predict.py finished successfully
2023-06-14 22:10:34 - log - INFO - SUCCESS: feauture engineering has started
2023-06-14 22:10:34 - log - INFO - SUCCESS: data train was loaded successfully
2023-06-14 22:10:34 - log - INFO - SUCCESS: data test was loaded successfully
2023-06-14 22:10:34 - log - INFO - SUCCESS: data was cleaning
2023-06-14 22:10:37 - log - INFO - SUCCESS: data missing was restored
2023-06-14 22:10:37 - log - INFO - SUCCESS: data was transformed
2023-06-14 22:10:38 - log - INFO - SUCCESS: preprocessed data was saved successfully
2023-06-14 22:10:38 - log - INFO - SUCCESS: feature_engineering.py finished successfully
2023-06-14 22:10:39 - log - INFO - SUCCESS: The training of the linear regression model has started
2023-06-14 22:10:39 - log - INFO - SUCCESS: data was loaded successfully
2023-06-14 22:10:39 - log - INFO - The data was divided in test and train sets
2023-06-14 22:10:39 - log - INFO - The model was trained
2023-06-14 22:10:39 - log - INFO - The train metrics of the model are: RMSE: 1169.3505464496527-R2:0.5284213437179959
2023-06-14 22:10:39 - log - INFO - The test metrics of the model are: RMSE: 1146.6648971839618-R2:0.552593049589098
2023-06-14 22:10:39 - log - INFO - SUCCESS: The model has been saved successfully
2023-06-14 22:10:39 - log - INFO - SUCCESS: train.py finished successfully
2023-06-14 22:10:40 - log - INFO - SUCCESS: feauture engineering inference has started
2023-06-14 22:10:40 - log - INFO - SUCCESS: data train was loaded successfully
2023-06-14 22:10:40 - log - INFO - SUCCESS: data was cleaning
2023-06-14 22:10:40 - log - INFO - SUCCESS: data missing was restored
2023-06-14 22:10:40 - log - INFO - SUCCESS: preprocessed data was saved successfully
2023-06-14 22:10:40 - log - INFO - SUCCESS: feature_engineering.py finished successfully
2023-06-14 22:10:41 - log - INFO - prediction proccess has started
2023-06-14 22:10:41 - log - INFO - the data was loaded successfully
2023-06-14 22:10:41 - log - INFO - the model.pkl has been loaded successfully
2023-06-14 22:10:42 - log - INFO - prediction made successfully
2023-06-14 22:10:42 - log - INFO - prediction was saved successfully
2023-06-14 22:10:42 - log - INFO - SUCCESS: predict.py finished successfully
2023-06-14 22:15:24 - log - INFO - SUCCESS: feauture engineering has started
2023-06-14 22:15:24 - log - INFO - SUCCESS: data train was loaded successfully
2023-06-14 22:15:24 - log - INFO - SUCCESS: data test was loaded successfully
2023-06-14 22:15:24 - log - INFO - SUCCESS: data was cleaning
2023-06-14 22:15:28 - log - INFO - SUCCESS: data missing was restored
2023-06-14 22:15:28 - log - INFO - SUCCESS: data was transformed
2023-06-14 22:15:28 - log - INFO - SUCCESS: preprocessed data was saved successfully
2023-06-14 22:15:28 - log - INFO - SUCCESS: feature_engineering.py finished successfully
2023-06-14 22:15:29 - log - INFO - SUCCESS: The training of the linear regression model has started
2023-06-14 22:15:29 - log - INFO - SUCCESS: data was loaded successfully
2023-06-14 22:15:29 - log - INFO - The data was divided in test and train sets
2023-06-14 22:15:29 - log - INFO - The model was trained
2023-06-14 22:15:29 - log - INFO - The train metrics of the model are: RMSE: 1169.3505464496527-R2:0.5284213437179959
2023-06-14 22:15:29 - log - INFO - The test metrics of the model are: RMSE: 1146.6648971839618-R2:0.552593049589098
2023-06-14 22:15:29 - log - ERROR - An error occurred while saving the model:[Errno 2] No such file or directory: './src/models/model_linearRegression.pkl'
2023-06-14 22:15:30 - log - INFO - SUCCESS: train.py finished successfully
2023-06-14 22:15:30 - log - INFO - SUCCESS: feauture engineering inference has started
2023-06-14 22:15:30 - log - INFO - SUCCESS: data train was loaded successfully
2023-06-14 22:15:30 - log - INFO - SUCCESS: data was cleaning
2023-06-14 22:15:30 - log - INFO - SUCCESS: data missing was restored
2023-06-14 22:15:30 - log - INFO - SUCCESS: preprocessed data was saved successfully
2023-06-14 22:15:30 - log - INFO - SUCCESS: feature_engineering.py finished successfully
2023-06-14 22:15:32 - log - INFO - prediction proccess has started
2023-06-14 22:15:32 - log - INFO - the data was loaded successfully
2023-06-14 22:15:32 - log - INFO - the model.pkl has been loaded successfully
2023-06-14 22:15:32 - log - INFO - prediction made successfully
2023-06-14 22:15:32 - log - INFO - prediction was saved successfully
2023-06-14 22:15:32 - log - INFO - SUCCESS: predict.py finished successfully
2023-06-14 22:16:52 - log - INFO - SUCCESS: feauture engineering has started
2023-06-14 22:16:52 - log - INFO - SUCCESS: data train was loaded successfully
2023-06-14 22:16:52 - log - INFO - SUCCESS: data test was loaded successfully
2023-06-14 22:16:52 - log - INFO - SUCCESS: data was cleaning
2023-06-14 22:16:55 - log - INFO - SUCCESS: data missing was restored
2023-06-14 22:16:55 - log - INFO - SUCCESS: data was transformed
2023-06-14 22:16:55 - log - INFO - SUCCESS: preprocessed data was saved successfully
2023-06-14 22:16:55 - log - INFO - SUCCESS: feature_engineering.py finished successfully
2023-06-14 22:16:57 - log - INFO - SUCCESS: The training of the linear regression model has started
2023-06-14 22:16:57 - log - INFO - SUCCESS: data was loaded successfully
2023-06-14 22:16:57 - log - INFO - The data was divided in test and train sets
2023-06-14 22:16:57 - log - INFO - The model was trained
2023-06-14 22:16:57 - log - INFO - The train metrics of the model are: RMSE: 1169.3505464496527-R2:0.5284213437179959
2023-06-14 22:16:57 - log - INFO - The test metrics of the model are: RMSE: 1146.6648971839618-R2:0.552593049589098
2023-06-14 22:16:57 - log - INFO - SUCCESS: The model has been saved successfully
2023-06-14 22:16:57 - log - INFO - SUCCESS: train.py finished successfully
2023-06-14 22:16:58 - log - INFO - SUCCESS: feauture engineering inference has started
2023-06-14 22:16:58 - log - INFO - SUCCESS: data train was loaded successfully
2023-06-14 22:16:58 - log - INFO - SUCCESS: data was cleaning
2023-06-14 22:16:58 - log - INFO - SUCCESS: data missing was restored
2023-06-14 22:16:58 - log - INFO - SUCCESS: preprocessed data was saved successfully
2023-06-14 22:16:58 - log - INFO - SUCCESS: feature_engineering.py finished successfully
2023-06-14 22:16:59 - log - INFO - prediction proccess has started
2023-06-14 22:16:59 - log - INFO - the data was loaded successfully
2023-06-14 22:16:59 - log - INFO - the model.pkl has been loaded successfully
2023-06-14 22:16:59 - log - INFO - prediction made successfully
2023-06-14 22:16:59 - log - INFO - prediction was saved successfully
2023-06-14 22:17:00 - log - INFO - SUCCESS: predict.py finished successfully
2023-06-14 22:23:06 - log - INFO - SUCCESS: feauture engineering has started
2023-06-14 22:23:06 - log - INFO - SUCCESS: data train was loaded successfully
2023-06-14 22:23:06 - log - INFO - SUCCESS: data test was loaded successfully
2023-06-14 22:23:06 - log - INFO - SUCCESS: data was cleaning
2023-06-14 22:23:09 - log - INFO - SUCCESS: data missing was restored
2023-06-14 22:23:09 - log - INFO - SUCCESS: data was transformed
2023-06-14 22:23:09 - log - INFO - SUCCESS: preprocessed data was saved successfully
2023-06-14 22:23:09 - log - INFO - SUCCESS: feature_engineering.py finished successfully
2023-06-14 22:23:11 - log - INFO - SUCCESS: The training of the linear regression model has started
2023-06-14 22:23:11 - log - INFO - SUCCESS: data was loaded successfully
2023-06-14 22:23:11 - log - INFO - The data was divided in test and train sets
2023-06-14 22:23:11 - log - INFO - The model was trained
2023-06-14 22:23:11 - log - INFO - The train metrics of the model are: RMSE: 1169.3505464496527-R2:0.5284213437179959
2023-06-14 22:23:11 - log - INFO - The test metrics of the model are: RMSE: 1146.6648971839618-R2:0.552593049589098
2023-06-14 22:23:11 - log - INFO - SUCCESS: The model has been saved successfully
2023-06-14 22:23:11 - log - INFO - SUCCESS: train.py finished successfully
2023-06-14 22:23:12 - log - INFO - SUCCESS: feauture engineering inference has started
2023-06-14 22:23:12 - log - INFO - SUCCESS: data train was loaded successfully
2023-06-14 22:23:12 - log - INFO - SUCCESS: data was cleaning
2023-06-14 22:23:12 - log - INFO - SUCCESS: data missing was restored
2023-06-14 22:23:12 - log - INFO - SUCCESS: preprocessed data was saved successfully
2023-06-14 22:23:12 - log - INFO - SUCCESS: feature_engineering.py finished successfully
2023-06-14 22:23:13 - log - INFO - prediction proccess has started
2023-06-14 22:23:13 - log - INFO - the data was loaded successfully
2023-06-14 22:23:13 - log - INFO - SUCCESS: predict.py finished successfully
2023-06-15 23:05:44 - log - INFO - SUCCESS: feauture engineering inference has started
2023-06-15 23:05:44 - log - INFO - SUCCESS: data train was loaded successfully
2023-06-15 23:05:44 - log - INFO - SUCCESS: data was cleaning
2023-06-15 23:05:44 - log - INFO - SUCCESS: data missing was restored
2023-06-15 23:05:44 - log - INFO - SUCCESS: preprocessed data was saved successfully
2023-06-15 23:05:48 - log - INFO - prediction proccess has started
2023-06-15 23:05:48 - log - INFO - the data was loaded successfully
2023-06-15 23:07:26 - log - INFO - SUCCESS: feauture engineering inference has started
2023-06-15 23:07:26 - log - INFO - SUCCESS: data train was loaded successfully
2023-06-15 23:07:26 - log - INFO - SUCCESS: data was cleaning
2023-06-15 23:07:26 - log - INFO - SUCCESS: data missing was restored
2023-06-15 23:07:26 - log - INFO - SUCCESS: preprocessed data was saved successfully
2023-06-15 23:07:28 - log - INFO - prediction proccess has started
2023-06-15 23:07:28 - log - INFO - the data was loaded successfully
2023-06-15 23:07:28 - log - INFO - the model.pkl has been loaded successfully
2023-06-15 23:07:28 - log - ERROR - Error in prediction: The feature names should match those that were passed during fit.
Feature names seen at fit time, yet now missing:
- Outlet_Type_Grocery Store
- Outlet_Type_Supermarket Type2
- Outlet_Type_Supermarket Type3

2023-06-15 23:13:17 - log - INFO - prediction proccess has started
2023-06-15 23:13:18 - log - INFO - the data was loaded successfully
2023-06-15 23:13:18 - log - INFO - the model.pkl has been loaded successfully
2023-06-15 23:13:18 - log - ERROR - Error in prediction: The feature names should match those that were passed during fit.
Feature names seen at fit time, yet now missing:
- Outlet_Type_Grocery Store
- Outlet_Type_Supermarket Type2
- Outlet_Type_Supermarket Type3

2023-06-15 23:15:14 - log - INFO - prediction proccess has started
2023-06-15 23:15:14 - log - INFO - the data was loaded successfully
2023-06-15 23:15:14 - log - INFO - the model.pkl has been loaded successfully
2023-06-15 23:15:14 - log - ERROR - Error in prediction: The feature names should match those that were passed during fit.
Feature names seen at fit time, yet now missing:
- Outlet_Type_Grocery Store
- Outlet_Type_Supermarket Type2
- Outlet_Type_Supermarket Type3

2023-06-15 23:18:06 - log - INFO - prediction proccess has started
2023-06-15 23:18:06 - log - INFO - the data was loaded successfully
2023-06-15 23:18:06 - log - INFO - the model.pkl has been loaded successfully
2023-06-15 23:18:06 - log - ERROR - Error in prediction: The feature names should match those that were passed during fit.
Feature names unseen at fit time:
- Unnamed: 0

2023-06-15 23:21:02 - log - INFO - prediction proccess has started
2023-06-15 23:21:02 - log - INFO - the data was loaded successfully
2023-06-15 23:21:02 - log - INFO - the model.pkl has been loaded successfully
2023-06-15 23:21:02 - log - ERROR - Error in prediction: The feature names should match those that were passed during fit.
Feature names unseen at fit time:
- Item_Outlet_Sales
- Unnamed: 0

2023-06-15 23:22:57 - log - INFO - prediction proccess has started
2023-06-15 23:22:57 - log - INFO - the data was loaded successfully
2023-06-15 23:22:57 - log - INFO - the model.pkl has been loaded successfully
2023-06-15 23:22:57 - log - ERROR - Error in prediction: The feature names should match those that were passed during fit.
Feature names unseen at fit time:
- Unnamed: 0

2023-06-15 23:24:18 - log - INFO - prediction proccess has started
2023-06-15 23:24:18 - log - INFO - the data was loaded successfully
2023-06-15 23:24:18 - log - INFO - the model.pkl has been loaded successfully
2023-06-15 23:24:18 - log - ERROR - Error in prediction: The feature names should match those that were passed during fit.
Feature names unseen at fit time:
- Unnamed: 0

2023-06-15 23:24:35 - log - INFO - prediction proccess has started
2023-06-15 23:24:35 - log - INFO - the data was loaded successfully
2023-06-15 23:24:35 - log - INFO - the model.pkl has been loaded successfully
2023-06-15 23:24:35 - log - ERROR - Error in prediction: The feature names should match those that were passed during fit.
Feature names unseen at fit time:
- Unnamed: 0

2023-06-15 23:26:07 - log - INFO - prediction proccess has started
2023-06-15 23:26:07 - log - INFO - the data was loaded successfully
2023-06-15 23:26:07 - log - INFO - the model.pkl has been loaded successfully
2023-06-15 23:26:07 - log - ERROR - Error in prediction: The feature names should match those that were passed during fit.
Feature names unseen at fit time:
- Unnamed: 0

