2023-06-13 23:20:44 - root - INFO - The training of the linear regression model has started
2023-06-13 23:20:44 - root - INFO - SUCCESS: data was loaded successfully
2023-06-13 23:20:44 - root - INFO - The data was divided in test and train sets
2023-06-13 23:20:44 - root - INFO - The model was trained
2023-06-13 23:20:44 - root - INFO - The train metrics of the model are: RMSE: 1169.3505464496527-R2:0.5284213437179959
2023-06-13 23:20:44 - root - INFO - The test metrics of the model are: RMSE: 1146.6648971839618-R2:0.552593049589098
2023-06-13 23:20:44 - root - INFO - The model has been saved successfully
2023-06-13 23:20:44 - log - INFO - SUCCESS: train.py finished successfully
2023-06-13 23:25:19 - log - INFO - SUCCESS: feauture engineering was started
2023-06-13 23:25:19 - log - INFO - SUCCESS: data train was loaded successfully
2023-06-13 23:25:19 - log - INFO - SUCCESS: data test was loaded successfully
2023-06-13 23:25:19 - log - INFO - SUCCESS: data was cleaning
2023-06-13 23:25:22 - log - INFO - SUCCESS: data missing was restored
2023-06-13 23:25:22 - log - INFO - SUCCESS: data was transformed
2023-06-13 23:25:22 - log - INFO - SUCCESS: preprocessed data was saved successfully
2023-06-13 23:25:22 - log - INFO - SUCCESS: feature_engineering.py finished successfully
2023-06-13 23:28:18 - log - INFO - SUCCESS: feauture engineering was started
2023-06-13 23:28:18 - log - INFO - SUCCESS: data train was loaded successfully
2023-06-13 23:28:18 - log - INFO - SUCCESS: data test was loaded successfully
2023-06-13 23:28:18 - log - INFO - SUCCESS: data was cleaning
2023-06-13 23:28:21 - log - INFO - SUCCESS: data missing was restored
2023-06-13 23:28:21 - log - INFO - SUCCESS: data was transformed
2023-06-13 23:28:21 - log - INFO - SUCCESS: preprocessed data was saved successfully
2023-06-13 23:28:21 - log - INFO - SUCCESS: feature_engineering.py finished successfully
2023-06-13 23:28:23 - log - INFO - The training of the linear regression model has started
2023-06-13 23:28:23 - log - INFO - SUCCESS: data was loaded successfully
2023-06-13 23:28:23 - log - INFO - The data was divided in test and train sets
2023-06-13 23:28:23 - log - INFO - The model was trained
2023-06-13 23:28:23 - log - INFO - The train metrics of the model are: RMSE: 1169.3505464496527-R2:0.5284213437179959
2023-06-13 23:28:23 - log - INFO - The test metrics of the model are: RMSE: 1146.6648971839618-R2:0.552593049589098
2023-06-13 23:28:23 - log - INFO - The model has been saved successfully
2023-06-13 23:28:23 - log - INFO - SUCCESS: train.py finished successfully
